\BOOKMARK [0][-]{part.1}{I BASICS}{}% 1
\BOOKMARK [1][-]{section.1}{Hello World}{part.1}% 2
\BOOKMARK [1][-]{section.2}{Server and Language}{part.1}% 3
\BOOKMARK [2][-]{subsection.2.1}{Booting the Server}{section.2}% 4
\BOOKMARK [1][-]{section.3}{Your first sine wave }{part.1}% 5
\BOOKMARK [1][-]{section.4}{Error messages}{part.1}% 6
\BOOKMARK [1][-]{section.5}{Changing parameters}{part.1}% 7
\BOOKMARK [1][-]{section.6}{Comments}{part.1}% 8
\BOOKMARK [1][-]{section.7}{Precedence}{part.1}% 9
\BOOKMARK [1][-]{section.8}{The last thing always gets posted}{part.1}% 10
\BOOKMARK [1][-]{section.9}{Code blocks}{part.1}% 11
\BOOKMARK [1][-]{section.10}{How to clean up the Post window}{part.1}% 12
\BOOKMARK [1][-]{section.11}{Recording the output of SuperCollider}{part.1}% 13
\BOOKMARK [1][-]{section.12}{Variables}{part.1}% 14
\BOOKMARK [2][-]{subsection.12.1}{Environment Variables vs. Local Variables}{section.12}% 15
\BOOKMARK [2][-]{subsection.12.2}{Reassignment}{section.12}% 16
\BOOKMARK [0][-]{part.2}{II PATTERNS}{}% 17
\BOOKMARK [1][-]{section.13}{The Pattern family}{part.2}% 18
\BOOKMARK [2][-]{subsection.13.1}{Meet Pbind}{section.13}% 19
\BOOKMARK [2][-]{subsection.13.2}{Pseq}{section.13}% 20
\BOOKMARK [2][-]{subsection.13.3}{Make your code more readable}{section.13}% 21
\BOOKMARK [2][-]{subsection.13.4}{Four ways of specifying pitch}{section.13}% 22
\BOOKMARK [2][-]{subsection.13.5}{More keywords: amplitude and legato}{section.13}% 23
\BOOKMARK [2][-]{subsection.13.6}{Prand}{section.13}% 24
\BOOKMARK [2][-]{subsection.13.7}{Pwhite}{section.13}% 25
\BOOKMARK [2][-]{subsection.13.8}{Expanding your Pattern vocabulary}{section.13}% 26
\BOOKMARK [1][-]{section.14}{More Pattern tricks}{part.2}% 27
\BOOKMARK [2][-]{subsection.14.1}{Chords}{section.14}% 28
\BOOKMARK [2][-]{subsection.14.2}{Scales}{section.14}% 29
\BOOKMARK [2][-]{subsection.14.3}{Transposition}{section.14}% 30
\BOOKMARK [2][-]{subsection.14.4}{Microtones}{section.14}% 31
\BOOKMARK [2][-]{subsection.14.5}{Tempo}{section.14}% 32
\BOOKMARK [2][-]{subsection.14.6}{Rests}{section.14}% 33
\BOOKMARK [2][-]{subsection.14.7}{Playing two or more Pbinds together}{section.14}% 34
\BOOKMARK [2][-]{subsection.14.8}{Using variables}{section.14}% 35
\BOOKMARK [1][-]{section.15}{Starting and stopping Pbinds independently}{part.2}% 36
\BOOKMARK [2][-]{subsection.15.1}{Pbind as a musical score}{section.15}% 37
\BOOKMARK [2][-]{subsection.15.2}{EventStreamPlayer}{section.15}% 38
\BOOKMARK [2][-]{subsection.15.3}{Example}{section.15}% 39
\BOOKMARK [0][-]{part.3}{III MORE ABOUT THE LANGUAGE}{}% 40
\BOOKMARK [1][-]{section.16}{Objects, classes, messages, arguments}{part.3}% 41
\BOOKMARK [1][-]{section.17}{Receiver notation, functional notation}{part.3}% 42
\BOOKMARK [1][-]{section.18}{Nesting}{part.3}% 43
\BOOKMARK [1][-]{section.19}{Enclosures}{part.3}% 44
\BOOKMARK [2][-]{subsection.19.1}{Quotation marks}{section.19}% 45
\BOOKMARK [2][-]{subsection.19.2}{Parentheses}{section.19}% 46
\BOOKMARK [2][-]{subsection.19.3}{Brackets}{section.19}% 47
\BOOKMARK [2][-]{subsection.19.4}{Curly Braces}{section.19}% 48
\BOOKMARK [1][-]{section.20}{Conditionals: if/else and case}{part.3}% 49
\BOOKMARK [1][-]{section.21}{Functions}{part.3}% 50
\BOOKMARK [1][-]{section.22}{Fun with Arrays}{part.3}% 51
\BOOKMARK [2][-]{subsection.22.1}{Creating new Arrays}{section.22}% 52
\BOOKMARK [2][-]{subsection.22.2}{That funny exclamation mark}{section.22}% 53
\BOOKMARK [2][-]{subsection.22.3}{The two dots between parentheses}{section.22}% 54
\BOOKMARK [2][-]{subsection.22.4}{How to ``do'' an Array}{section.22}% 55
\BOOKMARK [1][-]{section.23}{Getting Help}{part.3}% 56
\BOOKMARK [0][-]{part.4}{IV SOUND SYNTHESIS AND PROCESSING}{}% 57
\BOOKMARK [1][-]{section.24}{UGens}{part.4}% 58
\BOOKMARK [2][-]{subsection.24.1}{Mouse control: instant Theremin}{section.24}% 59
\BOOKMARK [2][-]{subsection.24.2}{Saw and Pulse; plot and scope}{section.24}% 60
\BOOKMARK [1][-]{section.25}{Audio rate, control rate}{part.4}% 61
\BOOKMARK [2][-]{subsection.25.1}{The poll method}{section.25}% 62
\BOOKMARK [1][-]{section.26}{UGen arguments}{part.4}% 63
\BOOKMARK [1][-]{section.27}{Scaling ranges}{part.4}% 64
\BOOKMARK [2][-]{subsection.27.1}{Scale with the method range}{section.27}% 65
\BOOKMARK [2][-]{subsection.27.2}{Scale with mul and add}{section.27}% 66
\BOOKMARK [2][-]{subsection.27.3}{linlin and friends}{section.27}% 67
\BOOKMARK [1][-]{section.28}{Stopping individual synths}{part.4}% 68
\BOOKMARK [1][-]{section.29}{The set message}{part.4}% 69
\BOOKMARK [1][-]{section.30}{Audio Buses}{part.4}% 70
\BOOKMARK [2][-]{subsection.30.1}{Out and In UGens}{section.30}% 71
\BOOKMARK [1][-]{section.31}{Microphone Input}{part.4}% 72
\BOOKMARK [1][-]{section.32}{Multichannel Expansion}{part.4}% 73
\BOOKMARK [1][-]{section.33}{The Bus object}{part.4}% 74
\BOOKMARK [1][-]{section.34}{Panning}{part.4}% 75
\BOOKMARK [1][-]{section.35}{Mix and Splay}{part.4}% 76
\BOOKMARK [1][-]{section.36}{Playing an audio file}{part.4}% 77
\BOOKMARK [1][-]{section.37}{Synth Nodes}{part.4}% 78
\BOOKMARK [2][-]{subsection.37.1}{The glorious doneAction: 2}{section.37}% 79
\BOOKMARK [1][-]{section.38}{Envelopes}{part.4}% 80
\BOOKMARK [2][-]{subsection.38.1}{Env.perc}{section.38}% 81
\BOOKMARK [2][-]{subsection.38.2}{Env.triangle}{section.38}% 82
\BOOKMARK [2][-]{subsection.38.3}{Env.linen}{section.38}% 83
\BOOKMARK [2][-]{subsection.38.4}{Env.pairs}{section.38}% 84
\BOOKMARK [3][-]{subsubsection.38.4.1}{Envelopes\204not just for amplitude}{subsection.38.4}% 85
\BOOKMARK [2][-]{subsection.38.5}{ADSR Envelope}{section.38}% 86
\BOOKMARK [1][-]{section.39}{Synth Definitions}{part.4}% 87
\BOOKMARK [2][-]{subsection.39.1}{SynthDef and Synth}{section.39}% 88
\BOOKMARK [2][-]{subsection.39.2}{Example}{section.39}% 89
\BOOKMARK [2][-]{subsection.39.3}{Under the hood}{section.39}% 90
\BOOKMARK [1][-]{section.40}{Pbind can play your SynthDef}{part.4}% 91
\BOOKMARK [1][-]{section.41}{Control Buses}{part.4}% 92
\BOOKMARK [2][-]{subsection.41.1}{asMap}{section.41}% 93
\BOOKMARK [1][-]{section.42}{Order of Execution}{part.4}% 94
\BOOKMARK [2][-]{subsection.42.1}{Groups}{section.42}% 95
\BOOKMARK [0][-]{part.5}{V FURTHER STUDY TOPICS}{}% 96
\BOOKMARK [1][-]{section.43}{MIDI}{part.5}% 97
\BOOKMARK [1][-]{section.44}{OSC}{part.5}% 98
\BOOKMARK [2][-]{subsection.44.1}{Sending OSC from another computer}{section.44}% 99
\BOOKMARK [2][-]{subsection.44.2}{Sending OSC from a smartphone}{section.44}% 100
\BOOKMARK [1][-]{section.45}{Quarks and plug-ins}{part.5}% 101
\BOOKMARK [1][-]{section.46}{Extra Resources}{part.5}% 102
